<?xml version="1.0" encoding="UTF-8"?>
<!-- Generated by org.testng.reporters.JUnitXMLReporter -->
<testsuite ignored="0" hostname="DESKTOP-9TT09F0" failures="0" tests="4" name="Default test" time="87.257" errors="0" timestamp="2021-03-15T15:17:56 IST">
  <testcase classname="com.selenium.project.BookshelvesDisplay.mainTest" name="bookself" time="24.577"/>
  <testcase classname="com.selenium.project.BookshelvesDisplay.mainTest" name="collections" time="12.821"/>
  <testcase classname="com.selenium.project.BookshelvesDisplay.mainTest" name="DisplayStudyChair" time="11.265"/>
  <testcase classname="com.selenium.project.BookshelvesDisplay.mainTest" name="displayGiftcardMesssage" time="21.786"/>
</testsuite> <!-- Default test -->
