<?xml version="1.0" encoding="UTF-8"?>
<!-- Generated by org.testng.reporters.JUnitXMLReporter -->
<testsuite ignored="0" hostname="DESKTOP-9TT09F0" failures="0" tests="4" name="Default test" time="93.352" errors="0" timestamp="2021-03-15T14:35:56 IST">
  <testcase classname="com.selenium.project.BookshelvesDisplay.mainTest" name="bookself" time="26.845"/>
  <testcase classname="com.selenium.project.BookshelvesDisplay.mainTest" name="collections" time="14.75"/>
  <testcase classname="com.selenium.project.BookshelvesDisplay.mainTest" name="DisplayStudyChair" time="14.386"/>
  <testcase classname="com.selenium.project.BookshelvesDisplay.mainTest" name="displayGiftcardMesssage" time="22.684"/>
</testsuite> <!-- Default test -->
