<?xml version="1.0" encoding="UTF-8"?>
<!-- Generated by org.testng.reporters.JUnitXMLReporter -->
<testsuite ignored="0" hostname="DESKTOP-9TT09F0" failures="0" tests="4" name="Test" time="267.535" errors="0" timestamp="2021-03-23T11:49:01 IST">
  <testcase classname="com.selenium.project.BookshelvesDisplay.mainTest" name="bookself" time="93.652"/>
  <testcase classname="com.selenium.project.BookshelvesDisplay.mainTest" name="collections" time="49.258"/>
  <testcase classname="com.selenium.project.BookshelvesDisplay.mainTest" name="DisplayStudyChair" time="25.718"/>
  <testcase classname="com.selenium.project.BookshelvesDisplay.mainTest" name="displayGiftcardMesssage" time="72.638"/>
</testsuite> <!-- Test -->
