<?xml version="1.0" encoding="UTF-8"?>
<!-- Generated by org.testng.reporters.JUnitXMLReporter -->
<testsuite ignored="0" hostname="DESKTOP-9TT09F0" failures="0" tests="4" name="Test" time="110.519" errors="0" timestamp="2021-03-15T12:17:18 IST">
  <testcase classname="com.selenium.project.BookshelvesDisplay.mainTest" name="bookself" time="31.873"/>
  <testcase classname="com.selenium.project.BookshelvesDisplay.mainTest" name="collections" time="20.735"/>
  <testcase classname="com.selenium.project.BookshelvesDisplay.mainTest" name="DisplayStudyChair" time="14.884"/>
  <testcase classname="com.selenium.project.BookshelvesDisplay.mainTest" name="displayGiftcardMesssage" time="26.305"/>
</testsuite> <!-- Test -->
