<?xml version="1.0" encoding="UTF-8"?>
<testng-results ignored="0" total="4" passed="4" failed="0" skipped="0">
  <reporter-output>
    <line>
      <![CDATA[
The title of the Page: Furniture Online: @Upto 40% Off on Wooden Furniture Online in India at Best Price - Urban Ladder]]>
    </line>
    <line>
      <![CDATA[
The submenu list from 'Being at home' column:]]>
    </line>
    <line>
      <![CDATA[Study Chairs]]>
    </line>
    <line>
      <![CDATA[Study Tables]]>
    </line>
    <line>
      <![CDATA[Study Lamps]]>
    </line>
    <line>
      <![CDATA[Study Sets]]>
    </line>
    <line>
      <![CDATA[Sofa Beds]]>
    </line>
    <line>
      <![CDATA[Accent Chairs]]>
    </line>
    <line>
      <![CDATA[Loveseats]]>
    </line>
    <line>
      <![CDATA[Floor Lamps]]>
    </line>
    <line>
      <![CDATA[Day Beds]]>
    </line>
    <line>
      <![CDATA[Outdoor Tables]]>
    </line>
    <line>
      <![CDATA[Balcony Swings]]>
    </line>
    <line>
      <![CDATA[Balcony Chairs]]>
    </line>
    <line>
      <![CDATA[Ottomans]]>
    </line>
    <line>
      <![CDATA[
The price of the first three study chair]]>
    </line>
    <line>
      <![CDATA[Dorsey Study Chair:]]>
    </line>
    <line>
      <![CDATA[Rs.4124]]>
    </line>
    <line>
      <![CDATA[Mika Study Chair:]]>
    </line>
    <line>
      <![CDATA[Rs.10879]]>
    </line>
    <line>
      <![CDATA[Aurelio Study Chair:]]>
    </line>
    <line>
      <![CDATA[Rs.8599]]>
    </line>
  </reporter-output>
  <suite started-at="2021-03-23T11:44:33 IST" name="Suite" finished-at="2021-03-23T11:49:00 IST" duration-ms="267535">
    <groups>
    </groups>
    <test started-at="2021-03-23T11:44:33 IST" name="Test" finished-at="2021-03-23T11:49:00 IST" duration-ms="267535">
      <class name="com.selenium.project.BookshelvesDisplay.mainTest">
        <test-method is-config="true" signature="initialSetup()[pri:0, instance:com.selenium.project.BookshelvesDisplay.mainTest@63475ace]" started-at="2021-03-23T11:44:33 IST" name="initialSetup" finished-at="2021-03-23T11:44:55 IST" duration-ms="21857" status="PASS">
          <reporter-output>
          </reporter-output>
        </test-method> <!-- initialSetup -->
        <test-method signature="bookself()[pri:1, instance:com.selenium.project.BookshelvesDisplay.mainTest@63475ace]" started-at="2021-03-23T11:44:55 IST" name="bookself" finished-at="2021-03-23T11:46:29 IST" duration-ms="93652" status="PASS">
          <reporter-output>
            <line>
              <![CDATA[
The title of the Page: Furniture Online: @Upto 40% Off on Wooden Furniture Online in India at Best Price - Urban Ladder]]>
            </line>
          </reporter-output>
        </test-method> <!-- bookself -->
        <test-method signature="collections()[pri:2, instance:com.selenium.project.BookshelvesDisplay.mainTest@63475ace]" started-at="2021-03-23T11:46:29 IST" name="collections" finished-at="2021-03-23T11:47:18 IST" duration-ms="49258" status="PASS">
          <reporter-output>
            <line>
              <![CDATA[
The submenu list from 'Being at home' column:]]>
            </line>
            <line>
              <![CDATA[Study Chairs]]>
            </line>
            <line>
              <![CDATA[Study Tables]]>
            </line>
            <line>
              <![CDATA[Study Lamps]]>
            </line>
            <line>
              <![CDATA[Study Sets]]>
            </line>
            <line>
              <![CDATA[Sofa Beds]]>
            </line>
            <line>
              <![CDATA[Accent Chairs]]>
            </line>
            <line>
              <![CDATA[Loveseats]]>
            </line>
            <line>
              <![CDATA[Floor Lamps]]>
            </line>
            <line>
              <![CDATA[Day Beds]]>
            </line>
            <line>
              <![CDATA[Outdoor Tables]]>
            </line>
            <line>
              <![CDATA[Balcony Swings]]>
            </line>
            <line>
              <![CDATA[Balcony Chairs]]>
            </line>
            <line>
              <![CDATA[Ottomans]]>
            </line>
          </reporter-output>
        </test-method> <!-- collections -->
        <test-method signature="DisplayStudyChair()[pri:3, instance:com.selenium.project.BookshelvesDisplay.mainTest@63475ace]" started-at="2021-03-23T11:47:18 IST" name="DisplayStudyChair" finished-at="2021-03-23T11:47:44 IST" duration-ms="25718" status="PASS">
          <reporter-output>
            <line>
              <![CDATA[
The price of the first three study chair]]>
            </line>
            <line>
              <![CDATA[Dorsey Study Chair:]]>
            </line>
            <line>
              <![CDATA[Rs.4124]]>
            </line>
            <line>
              <![CDATA[Mika Study Chair:]]>
            </line>
            <line>
              <![CDATA[Rs.10879]]>
            </line>
            <line>
              <![CDATA[Aurelio Study Chair:]]>
            </line>
            <line>
              <![CDATA[Rs.8599]]>
            </line>
          </reporter-output>
        </test-method> <!-- DisplayStudyChair -->
        <test-method signature="displayGiftcardMesssage()[pri:4, instance:com.selenium.project.BookshelvesDisplay.mainTest@63475ace]" started-at="2021-03-23T11:47:44 IST" name="displayGiftcardMesssage" finished-at="2021-03-23T11:48:56 IST" duration-ms="72638" status="PASS">
          <reporter-output>
          </reporter-output>
        </test-method> <!-- displayGiftcardMesssage -->
        <test-method is-config="true" signature="after()[pri:0, instance:com.selenium.project.BookshelvesDisplay.mainTest@63475ace]" started-at="2021-03-23T11:48:56 IST" name="after" finished-at="2021-03-23T11:49:00 IST" duration-ms="4010" status="PASS">
          <reporter-output>
          </reporter-output>
        </test-method> <!-- after -->
      </class> <!-- com.selenium.project.BookshelvesDisplay.mainTest -->
    </test> <!-- Test -->
  </suite> <!-- Suite -->
</testng-results>
