<?xml version="1.0" encoding="UTF-8"?>
<testng-results ignored="0" total="4" passed="4" failed="0" skipped="0">
  <reporter-output>
    <line>
      <![CDATA[
The title of the Page: Furniture Online: @Upto 40% Off on Wooden Furniture Online in India at Best Price - Urban Ladder]]>
    </line>
    <line>
      <![CDATA[
The price of the first three bookshelves below Rs.15000:]]>
    </line>
    <line>
      <![CDATA[Austen Bookshelf/Display Unit:]]>
    </line>
    <line>
      <![CDATA[Rs.10399]]>
    </line>
    <line>
      <![CDATA[Austen Bookshelf/Display Unit:]]>
    </line>
    <line>
      <![CDATA[Rs.10399]]>
    </line>
    <line>
      <![CDATA[Tetris Side Bookshelf/Display Unit:]]>
    </line>
    <line>
      <![CDATA[Rs.6799]]>
    </line>
    <line>
      <![CDATA[
The submenu list from 'Being at home' column:]]>
    </line>
    <line>
      <![CDATA[Study Chairs]]>
    </line>
    <line>
      <![CDATA[Study Tables]]>
    </line>
    <line>
      <![CDATA[Study Lamps]]>
    </line>
    <line>
      <![CDATA[Study Sets]]>
    </line>
    <line>
      <![CDATA[Sofa Beds]]>
    </line>
    <line>
      <![CDATA[Accent Chairs]]>
    </line>
    <line>
      <![CDATA[Loveseats]]>
    </line>
    <line>
      <![CDATA[Floor Lamps]]>
    </line>
    <line>
      <![CDATA[Day Beds]]>
    </line>
    <line>
      <![CDATA[Outdoor Tables]]>
    </line>
    <line>
      <![CDATA[Balcony Swings]]>
    </line>
    <line>
      <![CDATA[Balcony Chairs]]>
    </line>
    <line>
      <![CDATA[Ottomans]]>
    </line>
    <line>
      <![CDATA[
The price of the first three study chair]]>
    </line>
    <line>
      <![CDATA[Dorsey Study Chair:]]>
    </line>
    <line>
      <![CDATA[Rs.4124]]>
    </line>
    <line>
      <![CDATA[Mika Study Chair:]]>
    </line>
    <line>
      <![CDATA[Rs.10879]]>
    </line>
    <line>
      <![CDATA[Hawley Study Chair:]]>
    </line>
    <line>
      <![CDATA[Rs.6999]]>
    </line>
    <line>
      <![CDATA[
The error message appeared for invalid e-mail: Please include an '@' in the email address. 'Ramgmail.com' is missing an '@'.
]]>
    </line>
  </reporter-output>
  <suite started-at="2021-03-15T14:34:22 IST" name="Default suite" finished-at="2021-03-15T14:35:56 IST" duration-ms="93352">
    <groups>
    </groups>
    <test started-at="2021-03-15T14:34:22 IST" name="Default test" finished-at="2021-03-15T14:35:56 IST" duration-ms="93352">
      <class name="com.selenium.project.BookshelvesDisplay.mainTest">
        <test-method is-config="true" signature="initialSetup()[pri:0, instance:com.selenium.project.BookshelvesDisplay.mainTest@24313fcc]" started-at="2021-03-15T14:34:22 IST" name="initialSetup" finished-at="2021-03-15T14:34:35 IST" duration-ms="12225" status="PASS">
          <reporter-output>
          </reporter-output>
        </test-method> <!-- initialSetup -->
        <test-method signature="bookself()[pri:1, instance:com.selenium.project.BookshelvesDisplay.mainTest@24313fcc]" started-at="2021-03-15T14:34:35 IST" name="bookself" finished-at="2021-03-15T14:35:02 IST" duration-ms="26845" status="PASS">
          <reporter-output>
            <line>
              <![CDATA[
The title of the Page: Furniture Online: @Upto 40% Off on Wooden Furniture Online in India at Best Price - Urban Ladder]]>
            </line>
            <line>
              <![CDATA[
The price of the first three bookshelves below Rs.15000:]]>
            </line>
            <line>
              <![CDATA[Austen Bookshelf/Display Unit:]]>
            </line>
            <line>
              <![CDATA[Rs.10399]]>
            </line>
            <line>
              <![CDATA[Austen Bookshelf/Display Unit:]]>
            </line>
            <line>
              <![CDATA[Rs.10399]]>
            </line>
            <line>
              <![CDATA[Tetris Side Bookshelf/Display Unit:]]>
            </line>
            <line>
              <![CDATA[Rs.6799]]>
            </line>
          </reporter-output>
        </test-method> <!-- bookself -->
        <test-method signature="collections()[pri:2, instance:com.selenium.project.BookshelvesDisplay.mainTest@24313fcc]" started-at="2021-03-15T14:35:02 IST" name="collections" finished-at="2021-03-15T14:35:16 IST" duration-ms="14750" status="PASS">
          <reporter-output>
            <line>
              <![CDATA[
The submenu list from 'Being at home' column:]]>
            </line>
            <line>
              <![CDATA[Study Chairs]]>
            </line>
            <line>
              <![CDATA[Study Tables]]>
            </line>
            <line>
              <![CDATA[Study Lamps]]>
            </line>
            <line>
              <![CDATA[Study Sets]]>
            </line>
            <line>
              <![CDATA[Sofa Beds]]>
            </line>
            <line>
              <![CDATA[Accent Chairs]]>
            </line>
            <line>
              <![CDATA[Loveseats]]>
            </line>
            <line>
              <![CDATA[Floor Lamps]]>
            </line>
            <line>
              <![CDATA[Day Beds]]>
            </line>
            <line>
              <![CDATA[Outdoor Tables]]>
            </line>
            <line>
              <![CDATA[Balcony Swings]]>
            </line>
            <line>
              <![CDATA[Balcony Chairs]]>
            </line>
            <line>
              <![CDATA[Ottomans]]>
            </line>
          </reporter-output>
        </test-method> <!-- collections -->
        <test-method signature="DisplayStudyChair()[pri:3, instance:com.selenium.project.BookshelvesDisplay.mainTest@24313fcc]" started-at="2021-03-15T14:35:16 IST" name="DisplayStudyChair" finished-at="2021-03-15T14:35:31 IST" duration-ms="14386" status="PASS">
          <reporter-output>
            <line>
              <![CDATA[
The price of the first three study chair]]>
            </line>
            <line>
              <![CDATA[Dorsey Study Chair:]]>
            </line>
            <line>
              <![CDATA[Rs.4124]]>
            </line>
            <line>
              <![CDATA[Mika Study Chair:]]>
            </line>
            <line>
              <![CDATA[Rs.10879]]>
            </line>
            <line>
              <![CDATA[Hawley Study Chair:]]>
            </line>
            <line>
              <![CDATA[Rs.6999]]>
            </line>
          </reporter-output>
        </test-method> <!-- DisplayStudyChair -->
        <test-method signature="displayGiftcardMesssage()[pri:4, instance:com.selenium.project.BookshelvesDisplay.mainTest@24313fcc]" started-at="2021-03-15T14:35:31 IST" name="displayGiftcardMesssage" finished-at="2021-03-15T14:35:53 IST" duration-ms="22684" status="PASS">
          <reporter-output>
            <line>
              <![CDATA[
The error message appeared for invalid e-mail: Please include an '@' in the email address. 'Ramgmail.com' is missing an '@'.
]]>
            </line>
          </reporter-output>
        </test-method> <!-- displayGiftcardMesssage -->
        <test-method is-config="true" signature="after()[pri:0, instance:com.selenium.project.BookshelvesDisplay.mainTest@24313fcc]" started-at="2021-03-15T14:35:53 IST" name="after" finished-at="2021-03-15T14:35:56 IST" duration-ms="2200" status="PASS">
          <reporter-output>
          </reporter-output>
        </test-method> <!-- after -->
      </class> <!-- com.selenium.project.BookshelvesDisplay.mainTest -->
    </test> <!-- Default test -->
  </suite> <!-- Default suite -->
</testng-results>
